<?xml version="1.0" encoding="UTF-8"?>
<coverage generated="1678937532045" clover="3.2.0">
  <project timestamp="1678937532045" name="All files">
    <metrics statements="16" coveredstatements="13" conditionals="7" coveredconditionals="4" methods="7" coveredmethods="7" elements="30" coveredelements="24" complexity="0" loc="16" ncloc="16" packages="1" files="1" classes="1"/>
    <file name="agecalculator.js" path="C:\Users\emsla\OneDrive\Desktop\epicodus\GAcalculator\src\js\agecalculator.js">
      <metrics statements="16" coveredstatements="13" conditionals="7" coveredconditionals="4" methods="7" coveredmethods="7"/>
      <line num="3" count="10" type="stmt"/>
      <line num="8" count="1" type="stmt"/>
      <line num="13" count="1" type="stmt"/>
      <line num="18" count="1" type="stmt"/>
      <line num="23" count="1" type="stmt"/>
      <line num="28" count="4" type="stmt"/>
      <line num="29" count="4" type="cond" truecount="2" falsecount="0"/>
      <line num="31" count="1" type="stmt"/>
      <line num="33" count="3" type="stmt"/>
      <line num="39" count="2" type="stmt"/>
      <line num="40" count="2" type="cond" truecount="2" falsecount="3"/>
      <line num="42" count="1" type="stmt"/>
      <line num="44" count="1" type="stmt"/>
      <line num="46" count="0" type="stmt"/>
      <line num="48" count="0" type="stmt"/>
      <line num="50" count="0" type="stmt"/>
    </file>
  </project>
</coverage>
