<?xml version="1.0" encoding="UTF-8"?>
<coverage generated="1678663932031" clover="3.2.0">
  <project timestamp="1678663932031" name="All files">
    <metrics statements="19" coveredstatements="17" conditionals="10" coveredconditionals="8" methods="7" coveredmethods="7" elements="36" coveredelements="32" complexity="0" loc="19" ncloc="19" packages="1" files="1" classes="1"/>
    <file name="agecalculator.js" path="C:\Users\emsla\OneDrive\Desktop\epicodus\GAcalculator\template-repo2\src\js\agecalculator.js">
      <metrics statements="19" coveredstatements="17" conditionals="10" coveredconditionals="8" methods="7" coveredmethods="7"/>
      <line num="3" count="12" type="stmt"/>
      <line num="8" count="1" type="stmt"/>
      <line num="13" count="1" type="stmt"/>
      <line num="18" count="1" type="stmt"/>
      <line num="23" count="1" type="stmt"/>
      <line num="28" count="4" type="stmt"/>
      <line num="29" count="4" type="cond" truecount="4" falsecount="1"/>
      <line num="31" count="1" type="stmt"/>
      <line num="33" count="1" type="stmt"/>
      <line num="35" count="1" type="stmt"/>
      <line num="37" count="1" type="stmt"/>
      <line num="39" count="0" type="stmt"/>
      <line num="45" count="4" type="stmt"/>
      <line num="46" count="4" type="cond" truecount="4" falsecount="1"/>
      <line num="48" count="1" type="stmt"/>
      <line num="50" count="1" type="stmt"/>
      <line num="52" count="1" type="stmt"/>
      <line num="54" count="1" type="stmt"/>
      <line num="56" count="0" type="stmt"/>
    </file>
  </project>
</coverage>
