{"C:\\Users\\emsla\\OneDrive\\Desktop\\epicodus\\GAcalculator\\template-repo2\\src\\js\\agecalculator.js": {"path":"C:\\Users\\emsla\\OneDrive\\Desktop\\epicodus\\GAcalculator\\template-repo2\\src\\js\\agecalculator.js","statementMap":{"0":{"start":{"line":3,"column":4},"end":{"line":3,"column":19}},"1":{"start":{"line":8,"column":4},"end":{"line":8,"column":27}},"2":{"start":{"line":13,"column":4},"end":{"line":13,"column":27}},"3":{"start":{"line":18,"column":4},"end":{"line":18,"column":27}},"4":{"start":{"line":23,"column":4},"end":{"line":23,"column":28}},"5":{"start":{"line":28,"column":28},"end":{"line":28,"column":47}},"6":{"start":{"line":29,"column":4},"end":{"line":40,"column":5}},"7":{"start":{"line":31,"column":8},"end":{"line":31,"column":38}},"8":{"start":{"line":33,"column":8},"end":{"line":33,"column":38}},"9":{"start":{"line":35,"column":8},"end":{"line":35,"column":38}},"10":{"start":{"line":37,"column":8},"end":{"line":37,"column":39}},"11":{"start":{"line":39,"column":8},"end":{"line":39,"column":17}},"12":{"start":{"line":45,"column":28},"end":{"line":45,"column":47}},"13":{"start":{"line":46,"column":4},"end":{"line":57,"column":5}},"14":{"start":{"line":48,"column":8},"end":{"line":48,"column":38}},"15":{"start":{"line":50,"column":8},"end":{"line":50,"column":38}},"16":{"start":{"line":52,"column":8},"end":{"line":52,"column":38}},"17":{"start":{"line":54,"column":8},"end":{"line":54,"column":39}},"18":{"start":{"line":56,"column":8},"end":{"line":56,"column":17}}},"fnMap":{"0":{"name":"(anonymous_0)","decl":{"start":{"line":2,"column":2},"end":{"line":2,"column":3}},"loc":{"start":{"line":2,"column":19},"end":{"line":4,"column":3}},"line":2},"1":{"name":"(anonymous_1)","decl":{"start":{"line":7,"column":2},"end":{"line":7,"column":3}},"loc":{"start":{"line":7,"column":19},"end":{"line":9,"column":3}},"line":7},"2":{"name":"(anonymous_2)","decl":{"start":{"line":12,"column":2},"end":{"line":12,"column":3}},"loc":{"start":{"line":12,"column":17},"end":{"line":14,"column":3}},"line":12},"3":{"name":"(anonymous_3)","decl":{"start":{"line":17,"column":2},"end":{"line":17,"column":3}},"loc":{"start":{"line":17,"column":16},"end":{"line":19,"column":3}},"line":17},"4":{"name":"(anonymous_4)","decl":{"start":{"line":22,"column":2},"end":{"line":22,"column":3}},"loc":{"start":{"line":22,"column":19},"end":{"line":24,"column":3}},"line":22},"5":{"name":"(anonymous_5)","decl":{"start":{"line":27,"column":2},"end":{"line":27,"column":3}},"loc":{"start":{"line":27,"column":31},"end":{"line":41,"column":3}},"line":27},"6":{"name":"(anonymous_6)","decl":{"start":{"line":44,"column":2},"end":{"line":44,"column":3}},"loc":{"start":{"line":44,"column":31},"end":{"line":58,"column":3}},"line":44}},"branchMap":{"0":{"loc":{"start":{"line":29,"column":4},"end":{"line":40,"column":5}},"type":"switch","locations":[{"start":{"line":30,"column":6},"end":{"line":31,"column":38}},{"start":{"line":32,"column":6},"end":{"line":33,"column":38}},{"start":{"line":34,"column":6},"end":{"line":35,"column":38}},{"start":{"line":36,"column":6},"end":{"line":37,"column":39}},{"start":{"line":38,"column":6},"end":{"line":39,"column":17}}],"line":29},"1":{"loc":{"start":{"line":46,"column":4},"end":{"line":57,"column":5}},"type":"switch","locations":[{"start":{"line":47,"column":6},"end":{"line":48,"column":38}},{"start":{"line":49,"column":6},"end":{"line":50,"column":38}},{"start":{"line":51,"column":6},"end":{"line":52,"column":38}},{"start":{"line":53,"column":6},"end":{"line":54,"column":39}},{"start":{"line":55,"column":6},"end":{"line":56,"column":17}}],"line":46}},"s":{"0":12,"1":1,"2":1,"3":1,"4":1,"5":4,"6":4,"7":1,"8":1,"9":1,"10":1,"11":0,"12":4,"13":4,"14":1,"15":1,"16":1,"17":1,"18":0},"f":{"0":12,"1":1,"2":1,"3":1,"4":1,"5":4,"6":4},"b":{"0":[1,1,1,1,0],"1":[1,1,1,1,0]},"_coverageSchema":"43e27e138ebf9cfc5966b082cf9a028302ed4184","hash":"5a1c1bcb6578f02a4c0fe2cbe0c3447e2c4bb570"}
}
