{"C:\\Users\\emsla\\OneDrive\\Desktop\\epicodus\\GAcalculator\\src\\js\\agecalculator.js": {"path":"C:\\Users\\emsla\\OneDrive\\Desktop\\epicodus\\GAcalculator\\src\\js\\agecalculator.js","statementMap":{"0":{"start":{"line":3,"column":4},"end":{"line":3,"column":19}},"1":{"start":{"line":8,"column":4},"end":{"line":8,"column":27}},"2":{"start":{"line":13,"column":4},"end":{"line":13,"column":27}},"3":{"start":{"line":18,"column":4},"end":{"line":18,"column":27}},"4":{"start":{"line":23,"column":4},"end":{"line":23,"column":28}},"5":{"start":{"line":28,"column":28},"end":{"line":28,"column":47}},"6":{"start":{"line":29,"column":4},"end":{"line":34,"column":5}},"7":{"start":{"line":31,"column":8},"end":{"line":31,"column":38}},"8":{"start":{"line":33,"column":8},"end":{"line":33,"column":17}},"9":{"start":{"line":39,"column":28},"end":{"line":39,"column":47}},"10":{"start":{"line":40,"column":4},"end":{"line":51,"column":5}},"11":{"start":{"line":42,"column":8},"end":{"line":42,"column":38}},"12":{"start":{"line":44,"column":8},"end":{"line":44,"column":38}},"13":{"start":{"line":46,"column":8},"end":{"line":46,"column":38}},"14":{"start":{"line":48,"column":8},"end":{"line":48,"column":39}},"15":{"start":{"line":50,"column":8},"end":{"line":50,"column":17}}},"fnMap":{"0":{"name":"(anonymous_0)","decl":{"start":{"line":2,"column":2},"end":{"line":2,"column":3}},"loc":{"start":{"line":2,"column":19},"end":{"line":4,"column":3}},"line":2},"1":{"name":"(anonymous_1)","decl":{"start":{"line":7,"column":2},"end":{"line":7,"column":3}},"loc":{"start":{"line":7,"column":19},"end":{"line":9,"column":3}},"line":7},"2":{"name":"(anonymous_2)","decl":{"start":{"line":12,"column":2},"end":{"line":12,"column":3}},"loc":{"start":{"line":12,"column":17},"end":{"line":14,"column":3}},"line":12},"3":{"name":"(anonymous_3)","decl":{"start":{"line":17,"column":2},"end":{"line":17,"column":3}},"loc":{"start":{"line":17,"column":16},"end":{"line":19,"column":3}},"line":17},"4":{"name":"(anonymous_4)","decl":{"start":{"line":22,"column":2},"end":{"line":22,"column":3}},"loc":{"start":{"line":22,"column":19},"end":{"line":24,"column":3}},"line":22},"5":{"name":"(anonymous_5)","decl":{"start":{"line":27,"column":2},"end":{"line":27,"column":3}},"loc":{"start":{"line":27,"column":31},"end":{"line":35,"column":3}},"line":27},"6":{"name":"(anonymous_6)","decl":{"start":{"line":38,"column":2},"end":{"line":38,"column":3}},"loc":{"start":{"line":38,"column":31},"end":{"line":52,"column":3}},"line":38}},"branchMap":{"0":{"loc":{"start":{"line":29,"column":4},"end":{"line":34,"column":5}},"type":"switch","locations":[{"start":{"line":30,"column":6},"end":{"line":31,"column":38}},{"start":{"line":32,"column":6},"end":{"line":33,"column":17}}],"line":29},"1":{"loc":{"start":{"line":40,"column":4},"end":{"line":51,"column":5}},"type":"switch","locations":[{"start":{"line":41,"column":6},"end":{"line":42,"column":38}},{"start":{"line":43,"column":6},"end":{"line":44,"column":38}},{"start":{"line":45,"column":6},"end":{"line":46,"column":38}},{"start":{"line":47,"column":6},"end":{"line":48,"column":39}},{"start":{"line":49,"column":6},"end":{"line":50,"column":17}}],"line":40}},"s":{"0":10,"1":1,"2":1,"3":1,"4":1,"5":4,"6":4,"7":1,"8":3,"9":2,"10":2,"11":1,"12":1,"13":0,"14":0,"15":0},"f":{"0":10,"1":1,"2":1,"3":1,"4":1,"5":4,"6":2},"b":{"0":[1,3],"1":[1,1,0,0,0]},"_coverageSchema":"43e27e138ebf9cfc5966b082cf9a028302ed4184","hash":"dd2e66d116d6fa9d37b102190b2bbcbc1c25a7c5"}
}
