TN:
SF:C:\Users\emsla\OneDrive\Desktop\epicodus\GAcalculator\src\js\agecalculator.js
FN:2,(anonymous_0)
FN:7,(anonymous_1)
FN:12,(anonymous_2)
FN:17,(anonymous_3)
FN:22,(anonymous_4)
FN:27,(anonymous_5)
FN:38,(anonymous_6)
FNF:7
FNH:7
FNDA:10,(anonymous_0)
FNDA:1,(anonymous_1)
FNDA:1,(anonymous_2)
FNDA:1,(anonymous_3)
FNDA:1,(anonymous_4)
FNDA:4,(anonymous_5)
FNDA:2,(anonymous_6)
DA:3,10
DA:8,1
DA:13,1
DA:18,1
DA:23,1
DA:28,4
DA:29,4
DA:31,1
DA:33,3
DA:39,2
DA:40,2
DA:42,1
DA:44,1
DA:46,0
DA:48,0
DA:50,0
LF:16
LH:13
BRDA:29,0,0,1
BRDA:29,0,1,3
BRDA:40,1,0,1
BRDA:40,1,1,1
BRDA:40,1,2,0
BRDA:40,1,3,0
BRDA:40,1,4,0
BRF:7
BRH:4
end_of_record
