TN:
SF:C:\Users\emsla\OneDrive\Desktop\epicodus\GAcalculator\template-repo2\src\js\agecalculator.js
FN:2,(anonymous_0)
FN:7,(anonymous_1)
FN:12,(anonymous_2)
FN:17,(anonymous_3)
FN:22,(anonymous_4)
FN:27,(anonymous_5)
FN:44,(anonymous_6)
FNF:7
FNH:7
FNDA:12,(anonymous_0)
FNDA:1,(anonymous_1)
FNDA:1,(anonymous_2)
FNDA:1,(anonymous_3)
FNDA:1,(anonymous_4)
FNDA:4,(anonymous_5)
FNDA:4,(anonymous_6)
DA:3,12
DA:8,1
DA:13,1
DA:18,1
DA:23,1
DA:28,4
DA:29,4
DA:31,1
DA:33,1
DA:35,1
DA:37,1
DA:39,0
DA:45,4
DA:46,4
DA:48,1
DA:50,1
DA:52,1
DA:54,1
DA:56,0
LF:19
LH:17
BRDA:29,0,0,1
BRDA:29,0,1,1
BRDA:29,0,2,1
BRDA:29,0,3,1
BRDA:29,0,4,0
BRDA:46,1,0,1
BRDA:46,1,1,1
BRDA:46,1,2,1
BRDA:46,1,3,1
BRDA:46,1,4,0
BRF:10
BRH:8
end_of_record
